<?xml version="1.0" encoding="UTF-8"?>
<testng-results ignored="0" total="1" passed="1" failed="0" skipped="0">
  <reporter-output>
  </reporter-output>
  <suite started-at="2022-07-09T13:42:12 IST" name="Default suite" finished-at="2022-07-09T13:42:15 IST" duration-ms="3578">
    <groups>
    </groups>
    <test started-at="2022-07-09T13:42:12 IST" name="Default test" finished-at="2022-07-09T13:42:15 IST" duration-ms="3578">
      <class name="Assignment.APITesting.VerifyMovieExistenceTest">
        <test-method is-config="true" signature="SetUp()[pri:0, instance:Assignment.APITesting.VerifyMovieExistenceTest@47987356]" started-at="2022-07-09T13:42:12 IST" name="SetUp" finished-at="2022-07-09T13:42:13 IST" duration-ms="1693" status="PASS">
          <reporter-output>
          </reporter-output>
        </test-method> <!-- SetUp -->
        <test-method signature="VerifyMovieExistence()[pri:0, instance:Assignment.APITesting.VerifyMovieExistenceTest@47987356]" started-at="2022-07-09T13:42:13 IST" name="VerifyMovieExistence" finished-at="2022-07-09T13:42:15 IST" duration-ms="1842" status="PASS">
          <reporter-output>
          </reporter-output>
        </test-method> <!-- VerifyMovieExistence -->
      </class> <!-- Assignment.APITesting.VerifyMovieExistenceTest -->
    </test> <!-- Default test -->
  </suite> <!-- Default suite -->
</testng-results>
